=/pretest.json
{
  _: [],
  f: [
    '/home/mediatechlab/Documents/Virtual-Labs/exp-final-project-virtual-reality-iitd/experiment/pretest.json'
  ],
  files: [
    '/home/mediatechlab/Documents/Virtual-Labs/exp-final-project-virtual-reality-iitd/experiment/pretest.json'
  ],
  c: 'assessment',
  contentTypes: 'assessment',
  'content-types': 'assessment',
  '$0': 'validate'
}
/questions/0: must have required property 'question'

/questions/0: must have required property 'answers'

/questions/0: must have required property 'correctAnswer'

/questions/0: must have required property 'difficulty'

Json Error: must match "then" schema
Json Error: must match "then" schema
Failed while validating /home/mediatechlab/Documents/Virtual-Labs/exp-final-project-virtual-reality-iitd/experiment/pretest.json
Error: Schema is Invalid
=/posttest.json
{
  _: [],
  f: [
    '/home/mediatechlab/Documents/Virtual-Labs/exp-final-project-virtual-reality-iitd/experiment/posttest.json'
  ],
  files: [
    '/home/mediatechlab/Documents/Virtual-Labs/exp-final-project-virtual-reality-iitd/experiment/posttest.json'
  ],
  c: 'assessment',
  contentTypes: 'assessment',
  'content-types': 'assessment',
  '$0': 'validate'
}
/questions/0: must have required property 'question'

/questions/0: must have required property 'answers'

/questions/0: must have required property 'correctAnswer'

/questions/0: must have required property 'difficulty'

Json Error: must match "then" schema
Json Error: must match "then" schema
Failed while validating /home/mediatechlab/Documents/Virtual-Labs/exp-final-project-virtual-reality-iitd/experiment/posttest.json
Error: Schema is Invalid
